  main.cpp
C:\Program Files (x86)\Microsoft Visual Studio\2019\Professional\VC\Tools\MSVC\14.24.28314\include\tuple(163,47): warning C4244: “初始化”: 从“_Ty”转换到“_Ty”，可能丢失数据
          with
          [
              _Ty=double
          ]
          and
          [
              _Ty=float
          ]
C:\Program Files (x86)\Microsoft Visual Studio\2019\Professional\VC\Tools\MSVC\14.24.28314\include\tuple(234): message : 查看对正在编译的函数 模板 实例化“std::_Tuple_val<_This>::_Tuple_val<_Ty>(_Other &&)”的引用
          with
          [
              _This=float,
              _Ty=double,
              _Other=double
          ]
C:\Program Files (x86)\Microsoft Visual Studio\2019\Professional\VC\Tools\MSVC\14.24.28314\include\tuple(234): message : 查看对正在编译的函数 模板 实例化“std::_Tuple_val<_This>::_Tuple_val<_Ty>(_Other &&)”的引用
          with
          [
              _This=float,
              _Ty=double,
              _Other=double
          ]
C:\Program Files (x86)\Microsoft Visual Studio\2019\Professional\VC\Tools\MSVC\14.24.28314\include\tuple(234): message : 查看对正在编译的函数 模板 实例化“std::tuple<float,std::string,int>::tuple<std::_Exact_args_t,_Ty,const char(&)[6],int,0>(_Tag,_This2 &&,const char (&)[6],int &&)”的引用
          with
          [
              _Ty=double,
              _Tag=std::_Exact_args_t,
              _This2=double
          ]
C:\Program Files (x86)\Microsoft Visual Studio\2019\Professional\VC\Tools\MSVC\14.24.28314\include\tuple(234): message : 查看对正在编译的函数 模板 实例化“std::tuple<float,std::string,int>::tuple<std::_Exact_args_t,_Ty,const char(&)[6],int,0>(_Tag,_This2 &&,const char (&)[6],int &&)”的引用
          with
          [
              _Ty=double,
              _Tag=std::_Exact_args_t,
              _This2=double
          ]
C:\Program Files (x86)\Microsoft Visual Studio\2019\Professional\VC\Tools\MSVC\14.24.28314\include\tuple(315): message : 查看对正在编译的函数 模板 实例化“std::tuple<int,float,std::string,int>::tuple<std::_Exact_args_t,_Ty,double,const char(&)[6],_Ty,0>(_Tag,_This2 &&,double &&,const char (&)[6],_Ty &&)”的引用
          with
          [
              _Ty=int,
              _Tag=std::_Exact_args_t,
              _This2=int
          ]
C:\Program Files (x86)\Microsoft Visual Studio\2019\Professional\VC\Tools\MSVC\14.24.28314\include\tuple(315): message : 查看对正在编译的函数 模板 实例化“std::tuple<int,float,std::string,int>::tuple<std::_Exact_args_t,_Ty,double,const char(&)[6],_Ty,0>(_Tag,_This2 &&,double &&,const char (&)[6],_Ty &&)”的引用
          with
          [
              _Ty=int,
              _Tag=std::_Exact_args_t,
              _This2=int
          ]
E:\LearnEveryDay\EffictiveCPP\EffictiveCppLearn\EffictiveCppLearn\main.cpp(14): message : 查看对正在编译的函数 模板 实例化“std::tuple<int,float,std::string,int>::tuple<int,double,const char(&)[6],int,0>(_This2 &&,double &&,const char (&)[6],int &&) noexcept(false)”的引用
          with
          [
              _This2=int
          ]
E:\LearnEveryDay\EffictiveCPP\EffictiveCppLearn\EffictiveCppLearn\main.cpp(14): message : 查看对正在编译的函数 模板 实例化“std::tuple<int,float,std::string,int>::tuple<int,double,const char(&)[6],int,0>(_This2 &&,double &&,const char (&)[6],int &&) noexcept(false)”的引用
          with
          [
              _This2=int
          ]
  EffictiveCppLearn.vcxproj -> E:\LearnEveryDay\EffictiveCPP\EffictiveCppLearn\x64\Debug\EffictiveCppLearn.exe
